<?xml version="1.0" encoding="UTF-8"?>
<!-- Generated by org.testng.reporters.JUnitXMLReporter -->
<testsuite ignored="0" hostname="DESKTOP-LQTDUQR" failures="1" tests="2" name="Test" time="23.486" errors="0" timestamp="2024-08-12T15:10:43 IST">
  <testcase classname="coverFoxTest.Listerner" name="ChecksortPlan" time="4.011">
    <failure type="java.lang.AssertionError" message="null">
      <![CDATA[java.lang.AssertionError: null
at coverFoxTest.Listerner.ChecksortPlan(Listerner.java:104)
at java.base/java.util.ArrayList.forEach(ArrayList.java:1597)
... Removed 31 stack frames]]>
    </failure>
  </testcase> <!-- ChecksortPlan -->
  <testcase classname="coverFoxTest.Listerner" name="validationBanners" time="4.053"/>
</testsuite> <!-- Test -->
